#
# There is insufficient memory for the Java Runtime Environment to continue.
# Native memory allocation (mmap) failed to map 1073741824 bytes for committing reserved memory.
# Possible reasons:
#   The system is out of physical RAM or swap space
#   In 32 bit mode, the process size limit was hit
# Possible solutions:
#   Reduce memory load on the system
#   Increase physical memory or swap space
#   Check if swap backing store is full
#   Use 64 bit Java on a 64 bit OS
#   Decrease Java heap size (-Xmx/-Xms)
#   Decrease number of Java threads
#   Decrease Java thread stack sizes (-Xss)
#   Set larger code cache with -XX:ReservedCodeCacheSize=
# This output file may be truncated or incomplete.
#
#  Out of Memory Error (os_linux.cpp:2640), pid=10200, tid=0x00007f97b1b4d700
#
# JRE version:  (8.0_162-b12) (build )
# Java VM: Java HotSpot(TM) 64-Bit Server VM (25.162-b12 mixed mode linux-amd64 compressed oops)
# Failed to write core dump. Core dumps have been disabled. To enable core dumping, try "ulimit -c unlimited" before starting Java again
#

---------------  T H R E A D  ---------------

Current thread (0x00007f97a800b800):  JavaThread "Unknown thread" [_thread_in_vm, id=10201, stack(0x00007f97b1a4d000,0x00007f97b1b4e000)]

Stack: [0x00007f97b1a4d000,0x00007f97b1b4e000],  sp=0x00007f97b1b4be10,  free space=1019k
Native frames: (J=compiled Java code, j=interpreted, Vv=VM code, C=native code)
V  [libjvm.so+0xacfb2a]  VMError::report_and_die()+0x2ba
V  [libjvm.so+0x50060b]  report_vm_out_of_memory(char const*, int, unsigned long, VMErrorType, char const*)+0x8b
V  [libjvm.so+0x92d963]  os::Linux::commit_memory_impl(char*, unsigned long, bool)+0x123
V  [libjvm.so+0x92dad5]  os::pd_commit_memory_or_exit(char*, unsigned long, unsigned long, bool, char const*)+0x35
V  [libjvm.so+0x925836]  os::commit_memory_or_exit(char*, unsigned long, unsigned long, bool, char const*)+0x26
V  [libjvm.so+0x5c7a0f]  G1PageBasedVirtualSpace::commit_internal(unsigned long, unsigned long)+0xbf
V  [libjvm.so+0x5c7c9c]  G1PageBasedVirtualSpace::commit(unsigned long, unsigned long)+0x11c
V  [libjvm.so+0x5ca980]  G1RegionsLargerThanCommitSizeMapper::commit_regions(unsigned int, unsigned long)+0x40
V  [libjvm.so+0x62e917]  HeapRegionManager::commit_regions(unsigned int, unsigned long)+0x77
V  [libjvm.so+0x62fbb1]  HeapRegionManager::make_regions_available(unsigned int, unsigned int)+0x31
V  [libjvm.so+0x630130]  HeapRegionManager::expand_by(unsigned int)+0xb0
V  [libjvm.so+0x59eb89]  G1CollectedHeap::expand(unsigned long)+0x199
V  [libjvm.so+0x5a4e85]  G1CollectedHeap::initialize()+0x895
V  [libjvm.so+0xa97bd3]  Universe::initialize_heap()+0xf3
V  [libjvm.so+0xa9813e]  universe_init()+0x3e
V  [libjvm.so+0x6420f5]  init_globals()+0x65
V  [libjvm.so+0xa7c8ee]  Threads::create_vm(JavaVMInitArgs*, bool*)+0x23e
V  [libjvm.so+0x6d6cc4]  JNI_CreateJavaVM+0x74
C  [libjli.so+0x797e]  JavaMain+0x9e
C  [libpthread.so.0+0x8184]  start_thread+0xc4


---------------  P R O C E S S  ---------------

Java Threads: ( => current thread )

Other Threads:

=>0x00007f97a800b800 (exited) JavaThread "Unknown thread" [_thread_in_vm, id=10201, stack(0x00007f97b1a4d000,0x00007f97b1b4e000)]

VM state:not at safepoint (not fully initialized)

VM Mutex/Monitor currently owned by a thread:  ([mutex/lock_event])
[0x00007f97a8007f80] Heap_lock - owner thread: 0x00007f97a800b800

GC Heap History (0 events):
No events

Deoptimization events (0 events):
No events

Classes redefined (0 events):
No events

Internal exceptions (0 events):
No events

Events (0 events):
No events


Dynamic libraries:
00400000-00401000 r-xp 00000000 08:01 542603                             /usr/lib/jvm/java-8-oracle/jdk1.8.0_162/bin/java
00600000-00601000 rw-p 00000000 08:01 542603                             /usr/lib/jvm/java-8-oracle/jdk1.8.0_162/bin/java
0062f000-00650000 rw-p 00000000 00:00 0                                  [heap]
7f9744000000-7f9744021000 rw-p 00000000 00:00 0 
7f9744021000-7f9748000000 ---p 00000000 00:00 0 
7f9748000000-7f9748021000 rw-p 00000000 00:00 0 
7f9748021000-7f974c000000 ---p 00000000 00:00 0 
7f974c000000-7f974c021000 rw-p 00000000 00:00 0 
7f974c021000-7f9750000000 ---p 00000000 00:00 0 
7f97507b0000-7f9753000000 rw-p 00000000 00:00 0 
7f9753000000-7f9754000000 ---p 00000000 00:00 0 
7f9754000000-7f9754021000 rw-p 00000000 00:00 0 
7f9754021000-7f9758000000 ---p 00000000 00:00 0 
7f9758000000-7f9758021000 rw-p 00000000 00:00 0 
7f9758021000-7f975c000000 ---p 00000000 00:00 0 
7f975c000000-7f975c021000 rw-p 00000000 00:00 0 
7f975c021000-7f9760000000 ---p 00000000 00:00 0 
7f9760000000-7f9760021000 rw-p 00000000 00:00 0 
7f9760021000-7f9764000000 ---p 00000000 00:00 0 
7f9764000000-7f9764021000 rw-p 00000000 00:00 0 
7f9764021000-7f9768000000 ---p 00000000 00:00 0 
7f9768000000-7f9768021000 rw-p 00000000 00:00 0 
7f9768021000-7f976c000000 ---p 00000000 00:00 0 
7f976c000000-7f976c021000 rw-p 00000000 00:00 0 
7f976c021000-7f9770000000 ---p 00000000 00:00 0 
7f9770000000-7f9770021000 rw-p 00000000 00:00 0 
7f9770021000-7f9774000000 ---p 00000000 00:00 0 
7f9774000000-7f9774021000 rw-p 00000000 00:00 0 
7f9774021000-7f9778000000 ---p 00000000 00:00 0 
7f9778000000-7f9778021000 rw-p 00000000 00:00 0 
7f9778021000-7f977c000000 ---p 00000000 00:00 0 
7f977c000000-7f977c021000 rw-p 00000000 00:00 0 
7f977c021000-7f9780000000 ---p 00000000 00:00 0 
7f9780000000-7f9780021000 rw-p 00000000 00:00 0 
7f9780021000-7f9784000000 ---p 00000000 00:00 0 
7f9784000000-7f9784021000 rw-p 00000000 00:00 0 
7f9784021000-7f9788000000 ---p 00000000 00:00 0 
7f9788000000-7f9788021000 rw-p 00000000 00:00 0 
7f9788021000-7f978c000000 ---p 00000000 00:00 0 
7f978c000000-7f978c021000 rw-p 00000000 00:00 0 
7f978c021000-7f9790000000 ---p 00000000 00:00 0 
7f9790000000-7f9790021000 rw-p 00000000 00:00 0 
7f9790021000-7f9794000000 ---p 00000000 00:00 0 
7f9794000000-7f9794021000 rw-p 00000000 00:00 0 
7f9794021000-7f9799000000 ---p 00000000 00:00 0 
7f9799000000-7f9799270000 rwxp 00000000 00:00 0 
7f9799270000-7f97a8000000 ---p 00000000 00:00 0 
7f97a8000000-7f97a808e000 rw-p 00000000 00:00 0 
7f97a808e000-7f97ac000000 ---p 00000000 00:00 0 
7f97ac011000-7f97ac3d7000 rw-p 00000000 00:00 0 
7f97ac3d7000-7f97ac3d8000 ---p 00000000 00:00 0 
7f97ac3d8000-7f97ac4d8000 rw-p 00000000 00:00 0                          [stack:10221]
7f97ac4d8000-7f97ac4d9000 ---p 00000000 00:00 0 
7f97ac4d9000-7f97ac5d9000 rw-p 00000000 00:00 0                          [stack:10220]
7f97ac5d9000-7f97ac5da000 ---p 00000000 00:00 0 
7f97ac5da000-7f97ac6da000 rw-p 00000000 00:00 0                          [stack:10219]
7f97ac6da000-7f97aceda000 ---p 00000000 00:00 0 
7f97aceda000-7f97acedb000 ---p 00000000 00:00 0 
7f97acedb000-7f97acfdb000 rw-p 00000000 00:00 0                          [stack:10218]
7f97acfdb000-7f97acfdc000 ---p 00000000 00:00 0 
7f97acfdc000-7f97ad0dc000 rw-p 00000000 00:00 0                          [stack:10217]
7f97ad0dc000-7f97ad0dd000 ---p 00000000 00:00 0 
7f97ad0dd000-7f97ad1dd000 rw-p 00000000 00:00 0                          [stack:10216]
7f97ad1dd000-7f97ad1de000 ---p 00000000 00:00 0 
7f97ad1de000-7f97ad2de000 rw-p 00000000 00:00 0                          [stack:10215]
7f97ad2de000-7f97ad2df000 ---p 00000000 00:00 0 
7f97ad2df000-7f97ad3df000 rw-p 00000000 00:00 0                          [stack:10214]
7f97ad3df000-7f97ad3e0000 ---p 00000000 00:00 0 
7f97ad3e0000-7f97ad4e0000 rw-p 00000000 00:00 0                          [stack:10213]
7f97ad4e0000-7f97ad4e1000 ---p 00000000 00:00 0 
7f97ad4e1000-7f97ad5e1000 rw-p 00000000 00:00 0                          [stack:10212]
7f97ad5e1000-7f97ad5e2000 ---p 00000000 00:00 0 
7f97ad5e2000-7f97ad6e2000 rw-p 00000000 00:00 0                          [stack:10211]
7f97ad6e2000-7f97ad6e3000 ---p 00000000 00:00 0 
7f97ad6e3000-7f97adfeb000 rw-p 00000000 00:00 0                          [stack:10210]
7f97adfeb000-7f97adfec000 ---p 00000000 00:00 0 
7f97adfec000-7f97ae0ec000 rw-p 00000000 00:00 0                          [stack:10209]
7f97ae0ec000-7f97ae0ed000 ---p 00000000 00:00 0 
7f97ae0ed000-7f97ae1ed000 rw-p 00000000 00:00 0                          [stack:10208]
7f97ae1ed000-7f97ae1ee000 ---p 00000000 00:00 0 
7f97ae1ee000-7f97ae2ee000 rw-p 00000000 00:00 0                          [stack:10207]
7f97ae2ee000-7f97ae2ef000 ---p 00000000 00:00 0 
7f97ae2ef000-7f97ae3ef000 rw-p 00000000 00:00 0                          [stack:10206]
7f97ae3ef000-7f97ae3f0000 ---p 00000000 00:00 0 
7f97ae3f0000-7f97ae4f0000 rw-p 00000000 00:00 0                          [stack:10205]
7f97ae4f0000-7f97ae4f1000 ---p 00000000 00:00 0 
7f97ae4f1000-7f97ae5f1000 rw-p 00000000 00:00 0                          [stack:10204]
7f97ae5f1000-7f97ae5f2000 ---p 00000000 00:00 0 
7f97ae5f2000-7f97ae6f2000 rw-p 00000000 00:00 0                          [stack:10203]
7f97ae6f2000-7f97ae6f3000 ---p 00000000 00:00 0 
7f97ae6f3000-7f97ae7fd000 rw-p 00000000 00:00 0                          [stack:10202]
7f97ae7fd000-7f97aebb3000 ---p 00000000 00:00 0 
7f97aebb3000-7f97aebce000 r-xp 00000000 08:01 542507                     /usr/lib/jvm/java-8-oracle/jdk1.8.0_162/jre/lib/amd64/libzip.so
7f97aebce000-7f97aedce000 ---p 0001b000 08:01 542507                     /usr/lib/jvm/java-8-oracle/jdk1.8.0_162/jre/lib/amd64/libzip.so
7f97aedce000-7f97aedcf000 rw-p 0001b000 08:01 542507                     /usr/lib/jvm/java-8-oracle/jdk1.8.0_162/jre/lib/amd64/libzip.so
7f97aedcf000-7f97aedd9000 r-xp 00000000 08:01 1838162                    /lib/x86_64-linux-gnu/libnss_files-2.19.so
7f97aedd9000-7f97aefd8000 ---p 0000a000 08:01 1838162                    /lib/x86_64-linux-gnu/libnss_files-2.19.so
7f97aefd8000-7f97aefd9000 r--p 00009000 08:01 1838162                    /lib/x86_64-linux-gnu/libnss_files-2.19.so
7f97aefd9000-7f97aefda000 rw-p 0000a000 08:01 1838162                    /lib/x86_64-linux-gnu/libnss_files-2.19.so
7f97aefda000-7f97aefe5000 r-xp 00000000 08:01 1838223                    /lib/x86_64-linux-gnu/libnss_nis-2.19.so
7f97aefe5000-7f97af1e4000 ---p 0000b000 08:01 1838223                    /lib/x86_64-linux-gnu/libnss_nis-2.19.so
7f97af1e4000-7f97af1e5000 r--p 0000a000 08:01 1838223                    /lib/x86_64-linux-gnu/libnss_nis-2.19.so
7f97af1e5000-7f97af1e6000 rw-p 0000b000 08:01 1838223                    /lib/x86_64-linux-gnu/libnss_nis-2.19.so
7f97af1e6000-7f97af1fd000 r-xp 00000000 08:01 1838157                    /lib/x86_64-linux-gnu/libnsl-2.19.so
7f97af1fd000-7f97af3fc000 ---p 00017000 08:01 1838157                    /lib/x86_64-linux-gnu/libnsl-2.19.so
7f97af3fc000-7f97af3fd000 r--p 00016000 08:01 1838157                    /lib/x86_64-linux-gnu/libnsl-2.19.so
7f97af3fd000-7f97af3fe000 rw-p 00017000 08:01 1838157                    /lib/x86_64-linux-gnu/libnsl-2.19.so
7f97af3fe000-7f97af400000 rw-p 00000000 00:00 0 
7f97af400000-7f97af409000 r-xp 00000000 08:01 1838220                    /lib/x86_64-linux-gnu/libnss_compat-2.19.so
7f97af409000-7f97af608000 ---p 00009000 08:01 1838220                    /lib/x86_64-linux-gnu/libnss_compat-2.19.so
7f97af608000-7f97af609000 r--p 00008000 08:01 1838220                    /lib/x86_64-linux-gnu/libnss_compat-2.19.so
7f97af609000-7f97af60a000 rw-p 00009000 08:01 1838220                    /lib/x86_64-linux-gnu/libnss_compat-2.19.so
7f97af60a000-7f97af635000 r-xp 00000000 08:01 542482                     /usr/lib/jvm/java-8-oracle/jdk1.8.0_162/jre/lib/amd64/libjava.so
7f97af635000-7f97af834000 ---p 0002b000 08:01 542482                     /usr/lib/jvm/java-8-oracle/jdk1.8.0_162/jre/lib/amd64/libjava.so
7f97af834000-7f97af836000 rw-p 0002a000 08:01 542482                     /usr/lib/jvm/java-8-oracle/jdk1.8.0_162/jre/lib/amd64/libjava.so
7f97af836000-7f97af843000 r-xp 00000000 08:01 542479                     /usr/lib/jvm/java-8-oracle/jdk1.8.0_162/jre/lib/amd64/libverify.so
7f97af843000-7f97afa43000 ---p 0000d000 08:01 542479                     /usr/lib/jvm/java-8-oracle/jdk1.8.0_162/jre/lib/amd64/libverify.so
7f97afa43000-7f97afa45000 rw-p 0000d000 08:01 542479                     /usr/lib/jvm/java-8-oracle/jdk1.8.0_162/jre/lib/amd64/libverify.so
7f97afa45000-7f97afa4c000 r-xp 00000000 08:01 1838214                    /lib/x86_64-linux-gnu/librt-2.19.so
7f97afa4c000-7f97afc4b000 ---p 00007000 08:01 1838214                    /lib/x86_64-linux-gnu/librt-2.19.so
7f97afc4b000-7f97afc4c000 r--p 00006000 08:01 1838214                    /lib/x86_64-linux-gnu/librt-2.19.so
7f97afc4c000-7f97afc4d000 rw-p 00007000 08:01 1838214                    /lib/x86_64-linux-gnu/librt-2.19.so
7f97afc4d000-7f97afd52000 r-xp 00000000 08:01 1838164                    /lib/x86_64-linux-gnu/libm-2.19.so
7f97afd52000-7f97aff51000 ---p 00105000 08:01 1838164                    /lib/x86_64-linux-gnu/libm-2.19.so
7f97aff51000-7f97aff52000 r--p 00104000 08:01 1838164                    /lib/x86_64-linux-gnu/libm-2.19.so
7f97aff52000-7f97aff53000 rw-p 00105000 08:01 1838164                    /lib/x86_64-linux-gnu/libm-2.19.so
7f97aff53000-7f97b0c2c000 r-xp 00000000 08:01 542502                     /usr/lib/jvm/java-8-oracle/jdk1.8.0_162/jre/lib/amd64/server/libjvm.so
7f97b0c2c000-7f97b0e2b000 ---p 00cd9000 08:01 542502                     /usr/lib/jvm/java-8-oracle/jdk1.8.0_162/jre/lib/amd64/server/libjvm.so
7f97b0e2b000-7f97b0f05000 rw-p 00cd8000 08:01 542502                     /usr/lib/jvm/java-8-oracle/jdk1.8.0_162/jre/lib/amd64/server/libjvm.so
7f97b0f05000-7f97b0f50000 rw-p 00000000 00:00 0 
7f97b0f50000-7f97b110e000 r-xp 00000000 08:01 1838165                    /lib/x86_64-linux-gnu/libc-2.19.so
7f97b110e000-7f97b130e000 ---p 001be000 08:01 1838165                    /lib/x86_64-linux-gnu/libc-2.19.so
7f97b130e000-7f97b1312000 r--p 001be000 08:01 1838165                    /lib/x86_64-linux-gnu/libc-2.19.so
7f97b1312000-7f97b1314000 rw-p 001c2000 08:01 1838165                    /lib/x86_64-linux-gnu/libc-2.19.so
7f97b1314000-7f97b1319000 rw-p 00000000 00:00 0 
7f97b1319000-7f97b131c000 r-xp 00000000 08:01 1838213                    /lib/x86_64-linux-gnu/libdl-2.19.so
7f97b131c000-7f97b151b000 ---p 00003000 08:01 1838213                    /lib/x86_64-linux-gnu/libdl-2.19.so
7f97b151b000-7f97b151c000 r--p 00002000 08:01 1838213                    /lib/x86_64-linux-gnu/libdl-2.19.so
7f97b151c000-7f97b151d000 rw-p 00003000 08:01 1838213                    /lib/x86_64-linux-gnu/libdl-2.19.so
7f97b151d000-7f97b1533000 r-xp 00000000 08:01 542279                     /usr/lib/jvm/java-8-oracle/jdk1.8.0_162/lib/amd64/jli/libjli.so
7f97b1533000-7f97b1732000 ---p 00016000 08:01 542279                     /usr/lib/jvm/java-8-oracle/jdk1.8.0_162/lib/amd64/jli/libjli.so
7f97b1732000-7f97b1733000 rw-p 00015000 08:01 542279                     /usr/lib/jvm/java-8-oracle/jdk1.8.0_162/lib/amd64/jli/libjli.so
7f97b1733000-7f97b174c000 r-xp 00000000 08:01 1838166                    /lib/x86_64-linux-gnu/libpthread-2.19.so
7f97b174c000-7f97b194b000 ---p 00019000 08:01 1838166                    /lib/x86_64-linux-gnu/libpthread-2.19.so
7f97b194b000-7f97b194c000 r--p 00018000 08:01 1838166                    /lib/x86_64-linux-gnu/libpthread-2.19.so
7f97b194c000-7f97b194d000 rw-p 00019000 08:01 1838166                    /lib/x86_64-linux-gnu/libpthread-2.19.so
7f97b194d000-7f97b1951000 rw-p 00000000 00:00 0 
7f97b1951000-7f97b1974000 r-xp 00000000 08:01 1838217                    /lib/x86_64-linux-gnu/ld-2.19.so
7f97b198a000-7f97b1a4d000 rw-p 00000000 00:00 0 
7f97b1a4d000-7f97b1a50000 ---p 00000000 00:00 0 
7f97b1a50000-7f97b1b52000 rw-p 00000000 00:00 0                          [stack:10201]
7f97b1b64000-7f97b1b67000 rw-p 00000000 00:00 0 
7f97b1b67000-7f97b1b6f000 rw-s 00000000 08:01 2103964                    /tmp/hsperfdata_manurip/10200
7f97b1b6f000-7f97b1b70000 rw-p 00000000 00:00 0 
7f97b1b70000-7f97b1b71000 r--p 00000000 00:00 0 
7f97b1b71000-7f97b1b73000 rw-p 00000000 00:00 0 
7f97b1b73000-7f97b1b74000 r--p 00022000 08:01 1838217                    /lib/x86_64-linux-gnu/ld-2.19.so
7f97b1b74000-7f97b1b75000 rw-p 00023000 08:01 1838217                    /lib/x86_64-linux-gnu/ld-2.19.so
7f97b1b75000-7f97b1b76000 rw-p 00000000 00:00 0 
7ffd51c45000-7ffd51c67000 rw-p 00000000 00:00 0                          [stack]
7ffd51c6a000-7ffd51c6c000 r-xp 00000000 00:00 0                          [vdso]
ffffffffff600000-ffffffffff601000 r-xp 00000000 00:00 0                  [vsyscall]

VM Arguments:
jvm_args: -XX:+HeapDumpOnOutOfMemoryError -Xms1g -Xmx1g -XX:MaxMetaspaceSize=256m -XX:+UseG1GC -XX:MaxGCPauseMillis=100 -XX:G1ReservePercent=20 -Djava.security.egd=file:/dev/urandom -Duser.language=en -Duser.region=EN -Xbootclasspath/p:/home/ubuntu/alpn-boot-8.1.12.v20180117.jar 
java_command: ./ApacheJMeter.jar
java_class_path (initial): ./ApacheJMeter.jar
Launcher Type: SUN_STANDARD

Environment Variables:
JAVA_HOME=/usr/lib/jvm/java-8-oracle/jdk1.8.0_162
PATH=/usr/lib/ballerina/ballerina-0.980.0/bin:/home/manurip/Downloads/apache-ant-1.9.6/bin:/home/manurip/Documents/Work/groovy-2.4.9/bin:/usr/local/wum-dev/bin:/usr/local/wum-ga/wum/bin:/home/manurip/Documents/Work/Tasks/Support/wum-uc-1.0.0-linux-x64/bin:/home/manurip/Documents/Work/apache-maven-3.5.3/bin:/opt/db-derby-10.11.1.1-bin/bin:/home/manurip/Development/sbt/bin:/usr/lib/jvm/java-8-oracle/jdk1.8.0_162/bin:/usr/local/sbin:/usr/local/bin:/usr/sbin:/usr/bin:/sbin:/bin:/usr/games:/usr/local/games
SHELL=/usr/bin/zsh
DISPLAY=:0

Signal Handlers:
SIGSEGV: [libjvm.so+0xad03c0], sa_mask[0]=11111111011111111101111111111110, sa_flags=SA_RESTART|SA_SIGINFO
SIGBUS: [libjvm.so+0xad03c0], sa_mask[0]=11111111011111111101111111111110, sa_flags=SA_RESTART|SA_SIGINFO
SIGFPE: [libjvm.so+0x928210], sa_mask[0]=11111111011111111101111111111110, sa_flags=SA_RESTART|SA_SIGINFO
SIGPIPE: [libjvm.so+0x928210], sa_mask[0]=11111111011111111101111111111110, sa_flags=SA_RESTART|SA_SIGINFO
SIGXFSZ: [libjvm.so+0x928210], sa_mask[0]=11111111011111111101111111111110, sa_flags=SA_RESTART|SA_SIGINFO
SIGILL: [libjvm.so+0x928210], sa_mask[0]=11111111011111111101111111111110, sa_flags=SA_RESTART|SA_SIGINFO
SIGUSR1: SIG_DFL, sa_mask[0]=00000000000000000000000000000000, sa_flags=none
SIGUSR2: [libjvm.so+0x929a70], sa_mask[0]=00000000000000000000000000000000, sa_flags=SA_RESTART|SA_SIGINFO
SIGHUP: SIG_DFL, sa_mask[0]=00000000000000000000000000000000, sa_flags=none
SIGINT: SIG_DFL, sa_mask[0]=00000000000000000000000000000000, sa_flags=none
SIGTERM: SIG_DFL, sa_mask[0]=00000000000000000000000000000000, sa_flags=none
SIGQUIT: SIG_DFL, sa_mask[0]=00000000000000000000000000000000, sa_flags=none


---------------  S Y S T E M  ---------------

OS:DISTRIB_ID=Ubuntu
DISTRIB_RELEASE=14.04
DISTRIB_CODENAME=trusty
DISTRIB_DESCRIPTION="Ubuntu 14.04.5 LTS"

uname:Linux 3.13.0-52-generic #86-Ubuntu SMP Mon May 4 04:32:59 UTC 2015 x86_64
libc:glibc 2.19 NPTL 2.19 
rlimit: STACK 8192k, CORE 0k, NPROC 65535, NOFILE 65535, AS infinity
load average:0.40 0.31 0.35

/proc/meminfo:
MemTotal:        7858280 kB
MemFree:          391524 kB
Buffers:            5924 kB
Cached:           684768 kB
SwapCached:        40044 kB
Active:          3684984 kB
Inactive:        1277108 kB
Active(anon):    3652368 kB
Inactive(anon):  1184800 kB
Active(file):      32616 kB
Inactive(file):    92308 kB
Unevictable:     2205580 kB
Mlocked:         2205580 kB
SwapTotal:       3906556 kB
SwapFree:         202516 kB
Dirty:               508 kB
Writeback:             0 kB
AnonPages:       6439688 kB
Mapped:           186436 kB
Shmem:            543492 kB
Slab:             113384 kB
SReclaimable:      51524 kB
SUnreclaim:        61860 kB
KernelStack:        8840 kB
PageTables:        78412 kB
NFS_Unstable:          0 kB
Bounce:                0 kB
WritebackTmp:          0 kB
CommitLimit:     7835696 kB
Committed_AS:   21701624 kB
VmallocTotal:   34359738367 kB
VmallocUsed:      360872 kB
VmallocChunk:   34359348860 kB
HardwareCorrupted:     0 kB
AnonHugePages:   2164736 kB
HugePages_Total:       0
HugePages_Free:        0
HugePages_Rsvd:        0
HugePages_Surp:        0
Hugepagesize:       2048 kB
DirectMap4k:      107848 kB
DirectMap2M:     4812800 kB
DirectMap1G:     3145728 kB


CPU:total 8 (initial active 8) (4 cores per cpu, 2 threads per core) family 6 model 60 stepping 3, cmov, cx8, fxsr, mmx, sse, sse2, sse3, ssse3, sse4.1, sse4.2, popcnt, avx, avx2, aes, clmul, erms, lzcnt, ht, tsc, tscinvbit, bmi1, bmi2

/proc/cpuinfo:
processor	: 0
vendor_id	: GenuineIntel
cpu family	: 6
model		: 60
model name	: Intel(R) Core(TM) i7-4810MQ CPU @ 2.80GHz
stepping	: 3
microcode	: 0x1c
cpu MHz		: 800.000
cache size	: 6144 KB
physical id	: 0
siblings	: 8
core id		: 0
cpu cores	: 4
apicid		: 0
initial apicid	: 0
fpu		: yes
fpu_exception	: yes
cpuid level	: 13
wp		: yes
flags		: fpu vme de pse tsc msr pae mce cx8 apic sep mtrr pge mca cmov pat pse36 clflush dts acpi mmx fxsr sse sse2 ss ht tm pbe syscall nx pdpe1gb rdtscp lm constant_tsc arch_perfmon pebs bts rep_good nopl xtopology nonstop_tsc aperfmperf eagerfpu pni pclmulqdq dtes64 monitor ds_cpl vmx smx est tm2 ssse3 fma cx16 xtpr pdcm pcid sse4_1 sse4_2 x2apic movbe popcnt tsc_deadline_timer aes xsave avx f16c rdrand lahf_lm abm ida arat epb xsaveopt pln pts dtherm tpr_shadow vnmi flexpriority ept vpid fsgsbase tsc_adjust bmi1 avx2 smep bmi2 erms invpcid
bogomips	: 5586.92
clflush size	: 64
cache_alignment	: 64
address sizes	: 39 bits physical, 48 bits virtual
power management:

processor	: 1
vendor_id	: GenuineIntel
cpu family	: 6
model		: 60
model name	: Intel(R) Core(TM) i7-4810MQ CPU @ 2.80GHz
stepping	: 3
microcode	: 0x1c
cpu MHz		: 800.000
cache size	: 6144 KB
physical id	: 0
siblings	: 8
core id		: 0
cpu cores	: 4
apicid		: 1
initial apicid	: 1
fpu		: yes
fpu_exception	: yes
cpuid level	: 13
wp		: yes
flags		: fpu vme de pse tsc msr pae mce cx8 apic sep mtrr pge mca cmov pat pse36 clflush dts acpi mmx fxsr sse sse2 ss ht tm pbe syscall nx pdpe1gb rdtscp lm constant_tsc arch_perfmon pebs bts rep_good nopl xtopology nonstop_tsc aperfmperf eagerfpu pni pclmulqdq dtes64 monitor ds_cpl vmx smx est tm2 ssse3 fma cx16 xtpr pdcm pcid sse4_1 sse4_2 x2apic movbe popcnt tsc_deadline_timer aes xsave avx f16c rdrand lahf_lm abm ida arat epb xsaveopt pln pts dtherm tpr_shadow vnmi flexpriority ept vpid fsgsbase tsc_adjust bmi1 avx2 smep bmi2 erms invpcid
bogomips	: 5586.92
clflush size	: 64
cache_alignment	: 64
address sizes	: 39 bits physical, 48 bits virtual
power management:

processor	: 2
vendor_id	: GenuineIntel
cpu family	: 6
model		: 60
model name	: Intel(R) Core(TM) i7-4810MQ CPU @ 2.80GHz
stepping	: 3
microcode	: 0x1c
cpu MHz		: 800.000
cache size	: 6144 KB
physical id	: 0
siblings	: 8
core id		: 1
cpu cores	: 4
apicid		: 2
initial apicid	: 2
fpu		: yes
fpu_exception	: yes
cpuid level	: 13
wp		: yes
flags		: fpu vme de pse tsc msr pae mce cx8 apic sep mtrr pge mca cmov pat pse36 clflush dts acpi mmx fxsr sse sse2 ss ht tm pbe syscall nx pdpe1gb rdtscp lm constant_tsc arch_perfmon pebs bts rep_good nopl xtopology nonstop_tsc aperfmperf eagerfpu pni pclmulqdq dtes64 monitor ds_cpl vmx smx est tm2 ssse3 fma cx16 xtpr pdcm pcid sse4_1 sse4_2 x2apic movbe popcnt tsc_deadline_timer aes xsave avx f16c rdrand lahf_lm abm ida arat epb xsaveopt pln pts dtherm tpr_shadow vnmi flexpriority ept vpid fsgsbase tsc_adjust bmi1 avx2 smep bmi2 erms invpcid
bogomips	: 5586.92
clflush size	: 64
cache_alignment	: 64
address sizes	: 39 bits physical, 48 bits virtual
power management:

processor	: 3
vendor_id	: GenuineIntel
cpu family	: 6
model		: 60
model name	: Intel(R) Core(TM) i7-4810MQ CPU @ 2.80GHz
stepping	: 3
microcode	: 0x1c
cpu MHz		: 2100.000
cache size	: 6144 KB
physical id	: 0
siblings	: 8
core id		: 1
cpu cores	: 4
apicid		: 3
initial apicid	: 3
fpu		: yes
fpu_exception	: yes
cpuid level	: 13
wp		: yes
flags		: fpu vme de pse tsc msr pae mce cx8 apic sep mtrr pge mca cmov pat pse36 clflush dts acpi mmx fxsr sse sse2 ss ht tm pbe syscall nx pdpe1gb rdtscp lm constant_tsc arch_perfmon pebs bts rep_good nopl xtopology nonstop_tsc aperfmperf eagerfpu pni pclmulqdq dtes64 monitor ds_cpl vmx smx est tm2 ssse3 fma cx16 xtpr pdcm pcid sse4_1 sse4_2 x2apic movbe popcnt tsc_deadline_timer aes xsave avx f16c rdrand lahf_lm abm ida arat epb xsaveopt pln pts dtherm tpr_shadow vnmi flexpriority ept vpid fsgsbase tsc_adjust bmi1 avx2 smep bmi2 erms invpcid
bogomips	: 5586.92
clflush size	: 64
cache_alignment	: 64
address sizes	: 39 bits physical, 48 bits virtual
power management:

processor	: 4
vendor_id	: GenuineIntel
cpu family	: 6
model		: 60
model name	: Intel(R) Core(TM) i7-4810MQ CPU @ 2.80GHz
stepping	: 3
microcode	: 0x1c
cpu MHz		: 800.000
cache size	: 6144 KB
physical id	: 0
siblings	: 8
core id		: 2
cpu cores	: 4
apicid		: 4
initial apicid	: 4
fpu		: yes
fpu_exception	: yes
cpuid level	: 13
wp		: yes
flags		: fpu vme de pse tsc msr pae mce cx8 apic sep mtrr pge mca cmov pat pse36 clflush dts acpi mmx fxsr sse sse2 ss ht tm pbe syscall nx pdpe1gb rdtscp lm constant_tsc arch_perfmon pebs bts rep_good nopl xtopology nonstop_tsc aperfmperf eagerfpu pni pclmulqdq dtes64 monitor ds_cpl vmx smx est tm2 ssse3 fma cx16 xtpr pdcm pcid sse4_1 sse4_2 x2apic movbe popcnt tsc_deadline_timer aes xsave avx f16c rdrand lahf_lm abm ida arat epb xsaveopt pln pts dtherm tpr_shadow vnmi flexpriority ept vpid fsgsbase tsc_adjust bmi1 avx2 smep bmi2 erms invpcid
bogomips	: 5586.92
clflush size	: 64
cache_alignment	: 64
address sizes	: 39 bits physical, 48 bits virtual
power management:

processor	: 5
vendor_id	: GenuineIntel
cpu family	: 6
model		: 60
model name	: Intel(R) Core(TM) i7-4810MQ CPU @ 2.80GHz
stepping	: 3
microcode	: 0x1c
cpu MHz		: 800.000
cache size	: 6144 KB
physical id	: 0
siblings	: 8
core id		: 2
cpu cores	: 4
apicid		: 5
initial apicid	: 5
fpu		: yes
fpu_exception	: yes
cpuid level	: 13
wp		: yes
flags		: fpu vme de pse tsc msr pae mce cx8 apic sep mtrr pge mca cmov pat pse36 clflush dts acpi mmx fxsr sse sse2 ss ht tm pbe syscall nx pdpe1gb rdtscp lm constant_tsc arch_perfmon pebs bts rep_good nopl xtopology nonstop_tsc aperfmperf eagerfpu pni pclmulqdq dtes64 monitor ds_cpl vmx smx est tm2 ssse3 fma cx16 xtpr pdcm pcid sse4_1 sse4_2 x2apic movbe popcnt tsc_deadline_timer aes xsave avx f16c rdrand lahf_lm abm ida arat epb xsaveopt pln pts dtherm tpr_shadow vnmi flexpriority ept vpid fsgsbase tsc_adjust bmi1 avx2 smep bmi2 erms invpcid
bogomips	: 5586.92
clflush size	: 64
cache_alignment	: 64
address sizes	: 39 bits physical, 48 bits virtual
power management:

processor	: 6
vendor_id	: GenuineIntel
cpu family	: 6
model		: 60
model name	: Intel(R) Core(TM) i7-4810MQ CPU @ 2.80GHz
stepping	: 3
microcode	: 0x1c
cpu MHz		: 800.000
cache size	: 6144 KB
physical id	: 0
siblings	: 8
core id		: 3
cpu cores	: 4
apicid		: 6
initial apicid	: 6
fpu		: yes
fpu_exception	: yes
cpuid level	: 13
wp		: yes
flags		: fpu vme de pse tsc msr pae mce cx8 apic sep mtrr pge mca cmov pat pse36 clflush dts acpi mmx fxsr sse sse2 ss ht tm pbe syscall nx pdpe1gb rdtscp lm constant_tsc arch_perfmon pebs bts rep_good nopl xtopology nonstop_tsc aperfmperf eagerfpu pni pclmulqdq dtes64 monitor ds_cpl vmx smx est tm2 ssse3 fma cx16 xtpr pdcm pcid sse4_1 sse4_2 x2apic movbe popcnt tsc_deadline_timer aes xsave avx f16c rdrand lahf_lm abm ida arat epb xsaveopt pln pts dtherm tpr_shadow vnmi flexpriority ept vpid fsgsbase tsc_adjust bmi1 avx2 smep bmi2 erms invpcid
bogomips	: 5586.92
clflush size	: 64
cache_alignment	: 64
address sizes	: 39 bits physical, 48 bits virtual
power management:

processor	: 7
vendor_id	: GenuineIntel
cpu family	: 6
model		: 60
model name	: Intel(R) Core(TM) i7-4810MQ CPU @ 2.80GHz
stepping	: 3
microcode	: 0x1c
cpu MHz		: 800.000
cache size	: 6144 KB
physical id	: 0
siblings	: 8
core id		: 3
cpu cores	: 4
apicid		: 7
initial apicid	: 7
fpu		: yes
fpu_exception	: yes
cpuid level	: 13
wp		: yes
flags		: fpu vme de pse tsc msr pae mce cx8 apic sep mtrr pge mca cmov pat pse36 clflush dts acpi mmx fxsr sse sse2 ss ht tm pbe syscall nx pdpe1gb rdtscp lm constant_tsc arch_perfmon pebs bts rep_good nopl xtopology nonstop_tsc aperfmperf eagerfpu pni pclmulqdq dtes64 monitor ds_cpl vmx smx est tm2 ssse3 fma cx16 xtpr pdcm pcid sse4_1 sse4_2 x2apic movbe popcnt tsc_deadline_timer aes xsave avx f16c rdrand lahf_lm abm ida arat epb xsaveopt pln pts dtherm tpr_shadow vnmi flexpriority ept vpid fsgsbase tsc_adjust bmi1 avx2 smep bmi2 erms invpcid
bogomips	: 5586.92
clflush size	: 64
cache_alignment	: 64
address sizes	: 39 bits physical, 48 bits virtual
power management:



Memory: 4k page, physical 7858280k(391524k free), swap 3906556k(202516k free)

vm_info: Java HotSpot(TM) 64-Bit Server VM (25.162-b12) for linux-amd64 JRE (1.8.0_162-b12), built on Dec 19 2017 21:15:48 by "java_re" with gcc 4.3.0 20080428 (Red Hat 4.3.0-8)

time: Mon Jul 16 13:14:22 2018
elapsed time: 0 seconds (0d 0h 0m 0s)

